Thu Feb 21 10:18:11 UTC 2019
/srv/ftp/:
total 8.0K
drwxrwxr-x 2 chris chris 4.0K Feb 21 10:13 a
drwxrwxr-x 2 chris chris 4.0K Feb 21 10:14 b

/srv/ftp/a:
total 0
-rw-rw-r-- 1 chris chris 0 Feb 21 10:13 a.tar.gz

/srv/ftp/b:
total 0
-rw-rw-r-- 1 chris chris 0 Feb 21 10:14 b.tar.gz
Thu Feb 21 10:34:01 UTC 2019
/srv/ftp/:
total 0
Thu Feb 21 10:36:01 UTC 2019
/srv/ftp/:
total 8.0K
drwxr-xr-x 2 root root 4.0K Feb 21 10:34 a
drwxr-xr-x 2 root root 4.0K Feb 21 10:34 b

/srv/ftp/a:
total 0
-rw-r--r-- 1 root root 0 Feb 21 10:34 a.txt

/srv/ftp/b:
total 0
-rw-r--r-- 1 root root 0 Feb 21 10:34 b.txt
Thu Feb 21 10:38:01 UTC 2019
/srv/ftp/:
total 0
Fri Feb 22 03:18:01 UTC 2019
/srv/ftp/:
total 0
Fri Feb 22 03:20:01 UTC 2019
/srv/ftp/:
total 0
Fri Feb 22 03:22:01 UTC 2019
/srv/ftp/:
total 0
Fri Feb 22 03:24:01 UTC 2019
/srv/ftp/:
total 0
Fri Feb 22 03:26:01 UTC 2019
/srv/ftp/:
total 0
Fri Feb 22 03:28:01 UTC 2019
/srv/ftp/:
total 0
Fri Feb 22 03:30:01 UTC 2019
/srv/ftp/:
total 0
Fri Feb 22 03:32:01 UTC 2019
/srv/ftp/:
total 0
Fri Feb 22 03:34:01 UTC 2019
/srv/ftp/:
total 0
Fri Feb 22 03:36:01 UTC 2019
/srv/ftp/:
total 0
